<?xml version="1.0" encoding="UTF-8"?>
<testng-results ignored="0" total="2" passed="2" failed="0" skipped="0">
  <reporter-output>
  </reporter-output>
  <suite started-at="2023-05-01T15:10:27 IST" name="Allied" finished-at="2023-05-01T15:11:14 IST" duration-ms="46860">
    <groups>
    </groups>
    <test started-at="2023-05-01T15:10:27 IST" name="ChromeTest" finished-at="2023-05-01T15:11:14 IST" duration-ms="46860">
      <class name="Login_Testcase.LoginTest">
        <test-method is-config="true" signature="Setup(java.lang.String,java.lang.String,java.lang.String)[pri:0, instance:Login_Testcase.LoginTest@13b13b5d]" started-at="2023-05-01T15:10:27 IST" name="Setup" finished-at="2023-05-01T15:10:34 IST" duration-ms="6567" status="PASS">
          <params>
            <param index="0">
              <value>
                <![CDATA[chrome]]>
              </value>
            </param>
            <param index="1">
              <value>
                <![CDATA[C:\Program Files\chromedriver.exe]]>
              </value>
            </param>
            <param index="2">
              <value>
                <![CDATA[http://168.61.189.83/#/login]]>
              </value>
            </param>
          </params>
          <reporter-output>
          </reporter-output>
        </test-method> <!-- Setup -->
        <test-method signature="VerifyLogin()[pri:0, instance:Login_Testcase.LoginTest@13b13b5d]" started-at="2023-05-01T15:10:34 IST" name="VerifyLogin" finished-at="2023-05-01T15:10:44 IST" duration-ms="10081" status="PASS">
          <reporter-output>
          </reporter-output>
        </test-method> <!-- VerifyLogin -->
        <test-method is-config="true" signature="getResult(org.testng.ITestResult)[pri:0, instance:Login_Testcase.LoginTest@13b13b5d]" started-at="2023-05-01T15:10:44 IST" name="getResult" finished-at="2023-05-01T15:10:46 IST" duration-ms="1930" status="PASS">
          <params>
            <param index="0">
              <value>
                <![CDATA[[TestResult name=VerifyLogin status=SUCCESS method=LoginTest.VerifyLogin()[pri:0, instance:Login_Testcase.LoginTest@13b13b5d] output={null}]]]>
              </value>
            </param>
          </params>
          <reporter-output>
          </reporter-output>
        </test-method> <!-- getResult -->
        <test-method is-config="true" signature="Terminate()[pri:0, instance:Login_Testcase.LoginTest@13b13b5d]" started-at="2023-05-01T15:10:46 IST" name="Terminate" finished-at="2023-05-01T15:10:46 IST" duration-ms="389" status="PASS">
          <reporter-output>
          </reporter-output>
        </test-method> <!-- Terminate -->
      </class> <!-- Login_Testcase.LoginTest -->
      <class name="UserProfile_Testcase.UserProfileTest">
        <test-method is-config="true" signature="Setup(java.lang.String,java.lang.String,java.lang.String)[pri:0, instance:UserProfile_Testcase.UserProfileTest@366647c2]" started-at="2023-05-01T15:10:46 IST" name="Setup" finished-at="2023-05-01T15:10:52 IST" duration-ms="5593" status="PASS">
          <params>
            <param index="0">
              <value>
                <![CDATA[chrome]]>
              </value>
            </param>
            <param index="1">
              <value>
                <![CDATA[C:\Program Files\chromedriver.exe]]>
              </value>
            </param>
            <param index="2">
              <value>
                <![CDATA[http://168.61.189.83/#/login]]>
              </value>
            </param>
          </params>
          <reporter-output>
          </reporter-output>
        </test-method> <!-- Setup -->
        <test-method signature="verifyUserProfile()[pri:0, instance:UserProfile_Testcase.UserProfileTest@366647c2]" started-at="2023-05-01T15:10:52 IST" name="verifyUserProfile" finished-at="2023-05-01T15:11:13 IST" duration-ms="20724" status="PASS">
          <reporter-output>
          </reporter-output>
        </test-method> <!-- verifyUserProfile -->
        <test-method is-config="true" signature="getResult(org.testng.ITestResult)[pri:0, instance:UserProfile_Testcase.UserProfileTest@366647c2]" started-at="2023-05-01T15:11:13 IST" name="getResult" finished-at="2023-05-01T15:11:14 IST" duration-ms="1304" status="PASS">
          <params>
            <param index="0">
              <value>
                <![CDATA[[TestResult name=verifyUserProfile status=SUCCESS method=UserProfileTest.verifyUserProfile()[pri:0, instance:UserProfile_Testcase.UserProfileTest@366647c2] output={null}]]]>
              </value>
            </param>
          </params>
          <reporter-output>
          </reporter-output>
        </test-method> <!-- getResult -->
        <test-method is-config="true" signature="Terminate()[pri:0, instance:UserProfile_Testcase.UserProfileTest@366647c2]" started-at="2023-05-01T15:11:14 IST" name="Terminate" finished-at="2023-05-01T15:11:14 IST" duration-ms="248" status="PASS">
          <reporter-output>
          </reporter-output>
        </test-method> <!-- Terminate -->
      </class> <!-- UserProfile_Testcase.UserProfileTest -->
    </test> <!-- ChromeTest -->
  </suite> <!-- Allied -->
</testng-results>
