<?xml version="1.0" encoding="UTF-8"?>
<testsuite xmlns:xsi="http://www.w3.org/2001/XMLSchema-instance" xsi:noNamespaceSchemaLocation="https://maven.apache.org/surefire/maven-surefire-plugin/xsd/surefire-test-report.xsd" name="TestSuite" time="47.732" tests="4" errors="0" skipped="0" failures="0">
  <properties>
[...]
</properties>
  <testcase name="VerifyLogin" classname="Login_Testcase.LoginTest" time="3.899"/>
  <testcase name="VerifyLogin" classname="Login_Testcase.LoginTest" time="4.422"/>
  <testcase name="verifyUserProfile" classname="UserProfile_Testcase.UserProfileTest" time="2.36"/>
  <testcase name="verifyUserProfile" classname="UserProfile_Testcase.UserProfileTest" time="15.347"/>
</testsuite>