<?xml version="1.0" encoding="UTF-8"?>
<testng-results ignored="0" total="2" passed="2" failed="0" skipped="0">
  <reporter-output>
  </reporter-output>
  <suite started-at="2023-04-27T19:35:38 IST" name="Allied" finished-at="2023-04-27T19:36:19 IST" duration-ms="40713">
    <groups>
    </groups>
    <test started-at="2023-04-27T19:35:38 IST" name="ChromeTest" finished-at="2023-04-27T19:36:19 IST" duration-ms="40713">
      <class name="Login_Testcase.LoginTest">
        <test-method is-config="true" signature="Setup(java.lang.String,java.lang.String,java.lang.String)[pri:0, instance:Login_Testcase.LoginTest@13b13b5d]" started-at="2023-04-27T19:35:38 IST" name="Setup" finished-at="2023-04-27T19:35:43 IST" duration-ms="4976" status="PASS">
          <params>
            <param index="0">
              <value>
                <![CDATA[chrome]]>
              </value>
            </param>
            <param index="1">
              <value>
                <![CDATA[C:\Program Files\chromedriver.exe]]>
              </value>
            </param>
            <param index="2">
              <value>
                <![CDATA[http://168.61.189.83/#/login]]>
              </value>
            </param>
          </params>
          <reporter-output>
          </reporter-output>
        </test-method> <!-- Setup -->
        <test-method signature="VerifyLogin()[pri:0, instance:Login_Testcase.LoginTest@13b13b5d]" started-at="2023-04-27T19:35:43 IST" name="VerifyLogin" finished-at="2023-04-27T19:35:52 IST" duration-ms="8964" status="PASS">
          <reporter-output>
          </reporter-output>
        </test-method> <!-- VerifyLogin -->
        <test-method is-config="true" signature="getResult(org.testng.ITestResult)[pri:0, instance:Login_Testcase.LoginTest@13b13b5d]" started-at="2023-04-27T19:35:52 IST" name="getResult" finished-at="2023-04-27T19:35:52 IST" duration-ms="204" status="PASS">
          <params>
            <param index="0">
              <value>
                <![CDATA[[TestResult name=VerifyLogin status=SUCCESS method=LoginTest.VerifyLogin()[pri:0, instance:Login_Testcase.LoginTest@13b13b5d] output={null}]]]>
              </value>
            </param>
          </params>
          <reporter-output>
          </reporter-output>
        </test-method> <!-- getResult -->
        <test-method is-config="true" signature="Terminate()[pri:0, instance:Login_Testcase.LoginTest@13b13b5d]" started-at="2023-04-27T19:35:52 IST" name="Terminate" finished-at="2023-04-27T19:35:52 IST" duration-ms="1" status="PASS">
          <reporter-output>
          </reporter-output>
        </test-method> <!-- Terminate -->
      </class> <!-- Login_Testcase.LoginTest -->
      <class name="UserProfile_Testcase.UserProfileTest">
        <test-method is-config="true" signature="Setup(java.lang.String,java.lang.String,java.lang.String)[pri:0, instance:UserProfile_Testcase.UserProfileTest@366647c2]" started-at="2023-04-27T19:35:52 IST" name="Setup" finished-at="2023-04-27T19:35:57 IST" duration-ms="4192" status="PASS">
          <params>
            <param index="0">
              <value>
                <![CDATA[chrome]]>
              </value>
            </param>
            <param index="1">
              <value>
                <![CDATA[C:\Program Files\chromedriver.exe]]>
              </value>
            </param>
            <param index="2">
              <value>
                <![CDATA[http://168.61.189.83/#/login]]>
              </value>
            </param>
          </params>
          <reporter-output>
          </reporter-output>
        </test-method> <!-- Setup -->
        <test-method signature="verifyUserProfile()[pri:0, instance:UserProfile_Testcase.UserProfileTest@366647c2]" started-at="2023-04-27T19:35:57 IST" name="verifyUserProfile" finished-at="2023-04-27T19:36:19 IST" duration-ms="22311" status="PASS">
          <reporter-output>
          </reporter-output>
        </test-method> <!-- verifyUserProfile -->
        <test-method is-config="true" signature="getResult(org.testng.ITestResult)[pri:0, instance:UserProfile_Testcase.UserProfileTest@366647c2]" started-at="2023-04-27T19:36:19 IST" name="getResult" finished-at="2023-04-27T19:36:19 IST" duration-ms="42" status="PASS">
          <params>
            <param index="0">
              <value>
                <![CDATA[[TestResult name=verifyUserProfile status=SUCCESS method=UserProfileTest.verifyUserProfile()[pri:0, instance:UserProfile_Testcase.UserProfileTest@366647c2] output={null}]]]>
              </value>
            </param>
          </params>
          <reporter-output>
          </reporter-output>
        </test-method> <!-- getResult -->
        <test-method is-config="true" signature="Terminate()[pri:0, instance:UserProfile_Testcase.UserProfileTest@366647c2]" started-at="2023-04-27T19:36:19 IST" name="Terminate" finished-at="2023-04-27T19:36:19 IST" duration-ms="0" status="PASS">
          <reporter-output>
          </reporter-output>
        </test-method> <!-- Terminate -->
      </class> <!-- UserProfile_Testcase.UserProfileTest -->
    </test> <!-- ChromeTest -->
  </suite> <!-- Allied -->
</testng-results>
